This is pdfTeX, Version 3.141592653-2.6-1.40.26 (TeX Live 2024) (preloaded format=pdflatex 2024.7.22)  22 JUL 2024 17:28
entering extended mode
 restricted \write18 enabled.
 %&-line parsing enabled.
**Ejemplo.tex
(./Ejemplo.tex
LaTeX2e <2024-06-01> patch level 2
L3 programming layer <2024-05-27>
(c:/Users/carlos/AppData/Roaming/TinyTeX/texmf-dist/tex/latex/base/article.cls
Document Class: article 2024/02/08 v1.4n Standard LaTeX document class
(c:/Users/carlos/AppData/Roaming/TinyTeX/texmf-dist/tex/latex/base/size10.clo
File: size10.clo 2024/02/08 v1.4n Standard LaTeX file (size option)
)
\c@part=\count194
\c@section=\count195
\c@subsection=\count196
\c@subsubsection=\count197
\c@paragraph=\count198
\c@subparagraph=\count199
\c@figure=\count266
\c@table=\count267
\abovecaptionskip=\skip49
\belowcaptionskip=\skip50
\bibindent=\dimen141
) (c:/Users/carlos/AppData/Roaming/TinyTeX/texmf-dist/tex/latex/tools/multicol.sty
Package: multicol 2024/05/23 v1.9h multicolumn formatting (FMi)
\c@tracingmulticols=\count268
\mult@box=\box52
\multicol@leftmargin=\dimen142
\c@unbalance=\count269
\c@collectmore=\count270
\doublecol@number=\count271
\multicoltolerance=\count272
\multicolpretolerance=\count273
\full@width=\dimen143
\page@free=\dimen144
\premulticols=\dimen145
\postmulticols=\dimen146
\multicolsep=\skip51
\multicolbaselineskip=\skip52
\partial@page=\box53
\last@line=\box54
\mc@boxedresult=\box55
\maxbalancingoverflow=\dimen147
\mult@rightbox=\box56
\mult@grightbox=\box57
\mult@firstbox=\box58
\mult@gfirstbox=\box59
\@tempa=\box60
\@tempa=\box61
\@tempa=\box62
\@tempa=\box63
\@tempa=\box64
\@tempa=\box65
\@tempa=\box66
\@tempa=\box67
\@tempa=\box68
\@tempa=\box69
\@tempa=\box70
\@tempa=\box71
\@tempa=\box72
\@tempa=\box73
\@tempa=\box74
\@tempa=\box75
\@tempa=\box76
\@tempa=\box77
\@tempa=\box78
\@tempa=\box79
\@tempa=\box80
\@tempa=\box81
\@tempa=\box82
\@tempa=\box83
\@tempa=\box84
\@tempa=\box85
\@tempa=\box86
\@tempa=\box87
\@tempa=\box88
\@tempa=\box89
\@tempa=\box90
\@tempa=\box91
\@tempa=\box92
\@tempa=\box93
\@tempa=\box94
\@tempa=\box95
\c@minrows=\count274
\c@columnbadness=\count275
\c@finalcolumnbadness=\count276
\last@try=\dimen148
\multicolovershoot=\dimen149
\multicolundershoot=\dimen150
\mult@nat@firstbox=\box96
\colbreak@box=\box97
\mc@col@check@num=\count277
) (c:/Users/carlos/AppData/Roaming/TinyTeX/texmf-dist/tex/latex/booktabs/booktabs.sty
Package: booktabs 2020/01/12 v1.61803398 Publication quality tables
\heavyrulewidth=\dimen151
\lightrulewidth=\dimen152
\cmidrulewidth=\dimen153
\belowrulesep=\dimen154
\belowbottomsep=\dimen155
\aboverulesep=\dimen156
\abovetopsep=\dimen157
\cmidrulesep=\dimen158
\cmidrulekern=\dimen159
\defaultaddspace=\dimen160
\@cmidla=\count278
\@cmidlb=\count279
\@aboverulesep=\dimen161
\@belowrulesep=\dimen162
\@thisruleclass=\count280
\@lastruleclass=\count281
\@thisrulewidth=\dimen163
) (c:/Users/carlos/AppData/Roaming/TinyTeX/texmf-dist/tex/latex/blindtext/blindtext.sty
Package: blindtext 2012/01/06 V2.0 blindtext-Package
 (c:/Users/carlos/AppData/Roaming/TinyTeX/texmf-dist/tex/latex/tools/xspace.sty
Package: xspace 2014/10/28 v1.13 Space after command names (DPC,MH)
)
\c@blindtext=\count282
\c@Blindtext=\count283
\c@blind@countparstart=\count284
\blind@countxx=\count285
\blindtext@numBlindtext=\count286
\blind@countyy=\count287
\c@blindlist=\count288
\c@blindlistlevel=\count289
\c@blindlist@level=\count290
\blind@listitem=\count291
\c@blind@listcount=\count292
\c@blind@levelcount=\count293
\blind@mathformula=\count294
\blind@Mathformula=\count295
\c@blind@randomcount=\count296
\c@blind@randommax=\count297
\c@blind@pangramcount=\count298
\c@blind@pangrammax=\count299
) (c:/Users/carlos/AppData/Roaming/TinyTeX/texmf-dist/tex/latex/float/float.sty
Package: float 2001/11/08 v1.3d Float enhancements (AL)
\c@float@type=\count300
\float@exts=\toks17
\float@box=\box98
\@float@everytoks=\toks18
\@floatcapt=\box99
) (c:/Program Files/R/R-4.3.2/share/texmf/tex/latex/Sweave.sty
Package: Sweave 
 (c:/Users/carlos/AppData/Roaming/TinyTeX/texmf-dist/tex/latex/base/ifthen.sty
Package: ifthen 2024/03/16 v1.1e Standard LaTeX ifthen package (DPC)
) (c:/Users/carlos/AppData/Roaming/TinyTeX/texmf-dist/tex/generic/iftex/iftex.sty
Package: iftex 2022/02/03 v1.0f TeX engine tests
) (c:/Users/carlos/AppData/Roaming/TinyTeX/texmf-dist/tex/latex/graphics/graphicx.sty
Package: graphicx 2021/09/16 v1.2d Enhanced LaTeX Graphics (DPC,SPQR)
 (c:/Users/carlos/AppData/Roaming/TinyTeX/texmf-dist/tex/latex/graphics/keyval.sty
Package: keyval 2022/05/29 v1.15 key=value parser (DPC)
\KV@toks@=\toks19
) (c:/Users/carlos/AppData/Roaming/TinyTeX/texmf-dist/tex/latex/graphics/graphics.sty
Package: graphics 2024/05/23 v1.4g Standard LaTeX Graphics (DPC,SPQR)
 (c:/Users/carlos/AppData/Roaming/TinyTeX/texmf-dist/tex/latex/graphics/trig.sty
Package: trig 2023/12/02 v1.11 sin cos tan (DPC)
) (c:/Users/carlos/AppData/Roaming/TinyTeX/texmf-dist/tex/latex/graphics-cfg/graphics.cfg
File: graphics.cfg 2016/06/04 v1.11 sample graphics configuration
)
Package graphics Info: Driver file: pdftex.def on input line 106.
 (c:/Users/carlos/AppData/Roaming/TinyTeX/texmf-dist/tex/latex/graphics-def/pdftex.def
File: pdftex.def 2024/04/13 v1.2c Graphics/color driver for pdftex
))
\Gin@req@height=\dimen164
\Gin@req@width=\dimen165
) (c:/Users/carlos/AppData/Roaming/TinyTeX/texmf-dist/tex/latex/fancyvrb/fancyvrb.sty
Package: fancyvrb 2024/01/20 4.5c verbatim text (tvz,hv)
\FV@CodeLineNo=\count301
\FV@InFile=\read2
\FV@TabBox=\box100
\c@FancyVerbLine=\count302
\FV@StepNumber=\count303
\FV@OutFile=\write3
) (c:/Users/carlos/AppData/Roaming/TinyTeX/texmf-dist/tex/latex/base/textcomp.sty
Package: textcomp 2024/04/24 v2.1b Standard LaTeX package
) (c:/Users/carlos/AppData/Roaming/TinyTeX/texmf-dist/tex/latex/base/fontenc.sty
Package: fontenc 2021/04/29 v2.0v Standard LaTeX package
)) (c:/Users/carlos/AppData/Roaming/TinyTeX/texmf-dist/tex/latex/l3backend/l3backend-pdftex.def
File: l3backend-pdftex.def 2024-05-08 L3 backend support: PDF output (pdfTeX)
\l__color_backend_stack_int=\count304
\l__pdf_internal_box=\box101
) (./Ejemplo.aux)
\openout1 = `Ejemplo.aux'.

LaTeX Font Info:    Checking defaults for OML/cmm/m/it on input line 16.
LaTeX Font Info:    ... okay on input line 16.
LaTeX Font Info:    Checking defaults for OMS/cmsy/m/n on input line 16.
LaTeX Font Info:    ... okay on input line 16.
LaTeX Font Info:    Checking defaults for OT1/cmr/m/n on input line 16.
LaTeX Font Info:    ... okay on input line 16.
LaTeX Font Info:    Checking defaults for T1/cmr/m/n on input line 16.
LaTeX Font Info:    ... okay on input line 16.
LaTeX Font Info:    Checking defaults for TS1/cmr/m/n on input line 16.
LaTeX Font Info:    ... okay on input line 16.
LaTeX Font Info:    Checking defaults for OMX/cmex/m/n on input line 16.
LaTeX Font Info:    ... okay on input line 16.
LaTeX Font Info:    Checking defaults for U/cmr/m/n on input line 16.
LaTeX Font Info:    ... okay on input line 16.
 (c:/Users/carlos/AppData/Roaming/TinyTeX/texmf-dist/tex/latex/epstopdf-pkg/epstopdf-base.sty
Package: epstopdf-base 2020-01-24 v2.11 Base part for package epstopdf
 (c:/Users/carlos/AppData/Roaming/TinyTeX/texmf-dist/tex/generic/infwarerr/infwarerr.sty
Package: infwarerr 2019/12/03 v1.5 Providing info/warning/error messages (HO)
) (c:/Users/carlos/AppData/Roaming/TinyTeX/texmf-dist/tex/latex/grfext/grfext.sty
Package: grfext 2019/12/03 v1.3 Manage graphics extensions (HO)
 (c:/Users/carlos/AppData/Roaming/TinyTeX/texmf-dist/tex/generic/kvdefinekeys/kvdefinekeys.sty
Package: kvdefinekeys 2019-12-19 v1.6 Define keys (HO)
)) (c:/Users/carlos/AppData/Roaming/TinyTeX/texmf-dist/tex/latex/kvoptions/kvoptions.sty
Package: kvoptions 2022-06-15 v3.15 Key value format for package options (HO)
 (c:/Users/carlos/AppData/Roaming/TinyTeX/texmf-dist/tex/generic/ltxcmds/ltxcmds.sty
Package: ltxcmds 2023-12-04 v1.26 LaTeX kernel commands for general use (HO)
) (c:/Users/carlos/AppData/Roaming/TinyTeX/texmf-dist/tex/latex/kvsetkeys/kvsetkeys.sty
Package: kvsetkeys 2022-10-05 v1.19 Key value parser (HO)
)) (c:/Users/carlos/AppData/Roaming/TinyTeX/texmf-dist/tex/generic/pdftexcmds/pdftexcmds.sty
Package: pdftexcmds 2020-06-27 v0.33 Utility functions of pdfTeX for LuaTeX (HO)
Package pdftexcmds Info: \pdf@primitive is available.
Package pdftexcmds Info: \pdf@ifprimitive is available.
Package pdftexcmds Info: \pdfdraftmode found.
)
Package epstopdf-base Info: Redefining graphics rule for `.eps' on input line 485.
Package grfext Info: Graphics extension search list:
(grfext)             [.pdf,.png,.jpg,.mps,.jpeg,.jbig2,.jb2,.PDF,.PNG,.JPG,.JPEG,.JBIG2,.JB2,.eps]
(grfext)             \AppendGraphicsExtensions on input line 504.
 (c:/Users/carlos/AppData/Roaming/TinyTeX/texmf-dist/tex/latex/latexconfig/epstopdf-sys.cfg
File: epstopdf-sys.cfg 2010/07/13 v1.3 Configuration of (r)epstopdf for TeX Live
)) (./Ejemplo-concordance.tex)
LaTeX Font Info:    External font `cmex10' loaded for size
(Font)              <12> on input line 19.
LaTeX Font Info:    External font `cmex10' loaded for size
(Font)              <8> on input line 19.
LaTeX Font Info:    External font `cmex10' loaded for size
(Font)              <6> on input line 19.

Overfull \hbox (2.57332pt too wide) in paragraph at lines 35--35
[]\T1/cmr/bx/n/14.4 Pregunta 1: ¾Cómo varían las tres mo-ti-va-ciones
 []

LaTeX Font Info:    External font `cmex10' loaded for size
(Font)              <7> on input line 45.
LaTeX Font Info:    External font `cmex10' loaded for size
(Font)              <5> on input line 45.

LaTeX Warning: `!h' float specifier changed to `!ht'.

LaTeX Font Info:    Trying to load font information for T1+cmtt on input line 89.
(c:/Users/carlos/AppData/Roaming/TinyTeX/texmf-dist/tex/latex/base/t1cmtt.fd
File: t1cmtt.fd 2023/04/13 v2.5m Standard LaTeX font definitions
)
! Missing $ inserted.
<inserted text> 
                $
l.89 La base de datos \texttt{df_filtered}
                                           tiene \emph{25827} observaciones.
I've inserted a begin-math/end-math symbol since I think
you left one out. Proceed, with fingers crossed.

! Extra }, or forgotten $.
<recently read> \egroup 
                        
l.89 La base de datos \texttt{df_filtered}
                                           tiene \emph{25827} observaciones.
I've deleted a group-closing symbol because it seems to be
spurious, as in `$x}$'. But perhaps the } is legitimate and
you forgot something else, as in `\hbox{$x}'. In such cases
the way to recover is to insert both the forgotten and the
deleted material, e.g., by typing `I$}'.

! Missing $ inserted.
<inserted text> 
                $
l.90 
     
I've inserted a begin-math/end-math symbol since I think
you left one out. Proceed, with fingers crossed.


Underfull \hbox (badness 10000) in paragraph at lines 97--98
\T1/cmtt/m/it/10 Lorem ipsum dolor sit amet,
 []


Underfull \hbox (badness 10000) in paragraph at lines 97--98
\T1/cmtt/m/it/10 consectetuer adipiscing elit.
 []


Underfull \hbox (badness 10000) in paragraph at lines 97--98
\T1/cmtt/m/it/10 Etiam lobortis facilisis sem.
 []


Underfull \hbox (badness 10000) in paragraph at lines 97--98
\T1/cmtt/m/it/10 Nullam nec mi et neque pharetra
 []


Overfull \hbox (5.7077pt too wide) in paragraph at lines 97--98
\T1/cmtt/m/it/10 sollicitudin. Praesent imperdiet
 []


Overfull \hbox (0.45898pt too wide) in paragraph at lines 97--98
\T1/cmtt/m/it/10 mi nec ante. Donec ullamcorper,
 []


Underfull \hbox (badness 10000) in paragraph at lines 97--98
\T1/cmtt/m/it/10 felis non sodales commodo,
 []


Underfull \hbox (badness 10000) in paragraph at lines 97--98
\T1/cmtt/m/it/10 lectus velit ultrices augue, a
 []


Underfull \hbox (badness 10000) in paragraph at lines 97--98
\T1/cmtt/m/it/10 dignissim nibh lectus placerat
 []


Overfull \hbox (10.95642pt too wide) in paragraph at lines 97--98
\T1/cmtt/m/it/10 pede. Vivamus nunc nunc, molestie
 []


Underfull \hbox (badness 10000) in paragraph at lines 97--98
\T1/cmtt/m/it/10 ut, ultricies vel, semper in,
 []


Underfull \hbox (badness 10000) in paragraph at lines 97--98
\T1/cmtt/m/it/10 velit. Ut porttitor. Praesent
 []


Underfull \hbox (badness 10000) in paragraph at lines 97--98
\T1/cmtt/m/it/10 in sapien. Lorem ipsum dolor
 []


Overfull \hbox (5.7077pt too wide) in paragraph at lines 97--98
\T1/cmtt/m/it/10 sit amet, consectetuer adipiscing
 []


Underfull \hbox (badness 10000) in paragraph at lines 97--98
\T1/cmtt/m/it/10 elit. Duis fringilla tristique
 []


Underfull \hbox (badness 10000) in paragraph at lines 97--98
\T1/cmtt/m/it/10 neque. Sed interdum libero ut
 []


Underfull \hbox (badness 10000) in paragraph at lines 97--98
\T1/cmtt/m/it/10 metus. Pellentesque placerat.
 []


Underfull \hbox (badness 10000) in paragraph at lines 97--98
\T1/cmtt/m/it/10 Nam rutrum augue a leo. Morbi
 []


Underfull \hbox (badness 10000) in paragraph at lines 97--98
\T1/cmtt/m/it/10 sed elit sit amet ante lobortis
 []


Underfull \hbox (badness 10000) in paragraph at lines 97--98
\T1/cmtt/m/it/10 sollicitudin. Praesent blandit
 []


Overfull \hbox (0.45898pt too wide) in paragraph at lines 97--98
\T1/cmtt/m/it/10 blandit mauris. Praesent lectus
 []


Underfull \hbox (badness 10000) in paragraph at lines 97--98
\T1/cmtt/m/it/10 tellus, aliquet aliquam, luctus
 []


Underfull \hbox (badness 10000) in paragraph at lines 97--98
\T1/cmtt/m/it/10 a, egestas a, turpis. Mauris
 []


Underfull \hbox (badness 10000) in paragraph at lines 97--98
\T1/cmtt/m/it/10 lacinia lorem sit amet ipsum.
 []


Underfull \hbox (badness 10000) in paragraph at lines 97--98
\T1/cmtt/m/it/10 Nunc quis urna dictum turpis
 []


Underfull \hbox (badness 10000) in paragraph at lines 97--98
\T1/cmtt/m/n/10 Lorem ipsum dolor sit amet,
 []


Underfull \hbox (badness 10000) in paragraph at lines 97--98
\T1/cmtt/m/n/10 consectetuer adipiscing elit.
 []


Underfull \hbox (badness 10000) in paragraph at lines 97--98
\T1/cmtt/m/n/10 Etiam lobortis facilisis sem.
 []


Underfull \hbox (badness 10000) in paragraph at lines 97--98
\T1/cmtt/m/n/10 Nullam nec mi et neque pharetra
 []


Overfull \hbox (5.7077pt too wide) in paragraph at lines 97--98
\T1/cmtt/m/n/10 sollicitudin. Praesent imperdiet
 []


Overfull \hbox (0.45898pt too wide) in paragraph at lines 97--98
\T1/cmtt/m/n/10 mi nec ante. Donec ullamcorper,
 []


Underfull \hbox (badness 10000) in paragraph at lines 97--98
\T1/cmtt/m/n/10 felis non sodales commodo,
 []


Underfull \hbox (badness 10000) in paragraph at lines 97--98
\T1/cmtt/m/n/10 lectus velit ultrices augue, a
 []


Underfull \hbox (badness 10000) in paragraph at lines 97--98
\T1/cmtt/m/n/10 dignissim nibh lectus placerat
 []


Overfull \hbox (10.95642pt too wide) in paragraph at lines 97--98
\T1/cmtt/m/n/10 pede. Vivamus nunc nunc, molestie
 []


Underfull \hbox (badness 10000) in paragraph at lines 97--98
\T1/cmtt/m/n/10 ut, ultricies vel, semper in,
 []


Underfull \hbox (badness 10000) in paragraph at lines 97--98
\T1/cmtt/m/n/10 velit. Ut porttitor. Praesent
 []


Underfull \hbox (badness 10000) in paragraph at lines 97--98
\T1/cmtt/m/n/10 in sapien. Lorem ipsum dolor
 []


Overfull \hbox (5.7077pt too wide) in paragraph at lines 97--98
\T1/cmtt/m/n/10 sit amet, consectetuer adipiscing
 []


Underfull \hbox (badness 10000) in paragraph at lines 97--98
\T1/cmtt/m/n/10 elit. Duis fringilla tristique
 []


Underfull \hbox (badness 10000) in paragraph at lines 97--98
\T1/cmtt/m/n/10 neque. Sed interdum libero ut
 []


Underfull \hbox (badness 10000) in paragraph at lines 97--98
\T1/cmtt/m/n/10 metus. Pellentesque placerat.
 []


Underfull \hbox (badness 10000) in paragraph at lines 97--98
\T1/cmtt/m/n/10 Nam rutrum augue a leo. Morbi
 []


Underfull \hbox (badness 10000) in paragraph at lines 97--98
\T1/cmtt/m/n/10 sed elit sit amet ante lobortis
 []


Underfull \hbox (badness 10000) in paragraph at lines 97--98
\T1/cmtt/m/n/10 sollicitudin. Praesent blandit
 []


Overfull \hbox (0.45898pt too wide) in paragraph at lines 97--98
\T1/cmtt/m/n/10 blandit mauris. Praesent lectus
 []


Underfull \hbox (badness 10000) in paragraph at lines 97--98
\T1/cmtt/m/n/10 tellus, aliquet aliquam, luctus
 []


Underfull \hbox (badness 10000) in paragraph at lines 97--98
\T1/cmtt/m/n/10 a, egestas a, turpis. Mauris
 []


Underfull \hbox (badness 10000) in paragraph at lines 97--98
\T1/cmtt/m/n/10 lacinia lorem sit amet ipsum.
 []


Underfull \hbox (badness 10000) in paragraph at lines 97--98
\T1/cmtt/m/n/10 Nunc quis urna dictum turpis
 []


Overfull \vbox (27.9176pt too high) has occurred while \output is active []


Overfull \vbox (27.9176pt too high) has occurred while \output is active []


Overfull \vbox (0.50034pt too high) has occurred while \output is active []

 [1

{c:/Users/carlos/AppData/Roaming/TinyTeX/texmf-var/fonts/map/pdftex/updmap/pdftex.map}]
! Undefined control sequence.
<argument> ...e con palabras reservadas en \LaTex 
                                                  
l.106 {
       \Huge \blindtext}   {\scriptsize \blindtext}
The control sequence at the end of the top line
of your error message was never \def'ed. If you have
misspelled it (e.g., `\hobx'), type `I' and the correct
spelling (e.g., `I\hbox'). Otherwise just continue,
and I'll forget about whatever was undefined.


Underfull \hbox (badness 10000) in paragraph at lines 106--107
[]\T1/cmtt/m/n/24.88 Lorem ipsum
 []


Overfull \hbox (16.45439pt too wide) in paragraph at lines 106--107
\T1/cmtt/m/n/24.88 dolor sit amet,
 []


Underfull \hbox (badness 10000) in paragraph at lines 106--107
\T1/cmtt/m/n/24.88 consectetuer
 []


Overfull \hbox (28.71802pt too wide) in paragraph at lines 106--107
\T1/cmtt/m/n/24.88 adipiscing elit.
 []


Overfull \hbox (4.19077pt too wide) in paragraph at lines 106--107
\T1/cmtt/m/n/24.88 Etiam lobortis
 []


Overfull \hbox (4.19077pt too wide) in paragraph at lines 106--107
\T1/cmtt/m/n/24.88 facilisis sem.
 []


Underfull \hbox (badness 10000) in paragraph at lines 106--107
\T1/cmtt/m/n/24.88 Nullam nec mi
 []


Overfull \hbox (40.98164pt too wide) in paragraph at lines 106--107
\T1/cmtt/m/n/24.88 et neque pharetra
 []


Underfull \hbox (badness 10000) in paragraph at lines 106--107
\T1/cmtt/m/n/24.88 sollicitudin.
 []


Overfull \hbox (53.24527pt too wide) in paragraph at lines 106--107
\T1/cmtt/m/n/24.88 Praesent imperdiet
 []


Underfull \hbox (badness 10000) in paragraph at lines 106--107
\T1/cmtt/m/n/24.88 mi nec ante.
 []


Overfull \hbox (53.24527pt too wide) in paragraph at lines 106--107
\T1/cmtt/m/n/24.88 Donec ullamcorper,
 []


Overfull \hbox (40.98164pt too wide) in paragraph at lines 106--107
\T1/cmtt/m/n/24.88 felis non sodales
 []


Overfull \hbox (16.45439pt too wide) in paragraph at lines 106--107
\T1/cmtt/m/n/24.88 commodo, lectus
 []


Overfull \hbox (4.19077pt too wide) in paragraph at lines 106--107
\T1/cmtt/m/n/24.88 velit ultrices
 []


Overfull \hbox (53.24527pt too wide) in paragraph at lines 106--107
\T1/cmtt/m/n/24.88 augue, a dignissim
 []


Underfull \hbox (badness 10000) in paragraph at lines 106--107
\T1/cmtt/m/n/24.88 nibh lectus
 []


Overfull \hbox (4.19077pt too wide) in paragraph at lines 106--107
\T1/cmtt/m/n/24.88 placerat pede.
 []


Underfull \hbox (badness 10000) in paragraph at lines 106--107
\T1/cmtt/m/n/24.88 Vivamus nunc
 []


Overfull \hbox (4.19077pt too wide) in paragraph at lines 106--107
\T1/cmtt/m/n/24.88 nunc, molestie
 []


Underfull \hbox (badness 10000) in paragraph at lines 106--107
\T1/cmtt/m/n/24.88 ut, ultricies
 []


Underfull \hbox (badness 10000) in paragraph at lines 106--107
\T1/cmtt/m/n/24.88 vel, semper
 []


Overfull \hbox (4.19077pt too wide) in paragraph at lines 106--107
\T1/cmtt/m/n/24.88 in, velit. Ut
 []


Overfull \hbox (77.77252pt too wide) in paragraph at lines 106--107
\T1/cmtt/m/n/24.88 porttitor. Praesent
 []


Overfull \hbox (40.98164pt too wide) in paragraph at lines 106--107
\T1/cmtt/m/n/24.88 in sapien. Lorem
 []


Underfull \hbox (badness 10000) in paragraph at lines 106--107
\T1/cmtt/m/n/24.88 ipsum dolor
 []


Overfull \hbox (102.29977pt too wide) in paragraph at lines 106--107
\T1/cmtt/m/n/24.88 sit amet, consectetuer
 []


Overfull \hbox (28.71802pt too wide) in paragraph at lines 106--107
\T1/cmtt/m/n/24.88 adipiscing elit.
 []


Overfull \hbox (4.19077pt too wide) in paragraph at lines 106--107
\T1/cmtt/m/n/24.88 Duis fringilla
 []


Overfull \hbox (28.71802pt too wide) in paragraph at lines 106--107
\T1/cmtt/m/n/24.88 tristique neque.
 []


Underfull \hbox (badness 10000) in paragraph at lines 106--107
\T1/cmtt/m/n/24.88 Sed interdum
 []


Overfull \hbox (28.71802pt too wide) in paragraph at lines 106--107
\T1/cmtt/m/n/24.88 libero ut metus.
 []


Underfull \hbox (badness 10000) in paragraph at lines 106--107
\T1/cmtt/m/n/24.88 Pellentesque
 []


Overfull \hbox (4.19077pt too wide) in paragraph at lines 106--107
\T1/cmtt/m/n/24.88 placerat. Nam
 []


Underfull \hbox (badness 10000) in paragraph at lines 106--107
\T1/cmtt/m/n/24.88 rutrum augue
 []


Underfull \hbox (badness 10000) in paragraph at lines 106--107
\T1/cmtt/m/n/24.88 a leo. Morbi
 []


Underfull \hbox (badness 10000) in paragraph at lines 106--107
\T1/cmtt/m/n/24.88 sed elit sit
 []


Overfull \hbox (53.24527pt too wide) in paragraph at lines 106--107
\T1/cmtt/m/n/24.88 amet ante lobortis
 []


Underfull \hbox (badness 10000) in paragraph at lines 106--107
\T1/cmtt/m/n/24.88 sollicitudin.
 []


Overfull \hbox (28.71802pt too wide) in paragraph at lines 106--107
\T1/cmtt/m/n/24.88 Praesent blandit
 []


Overfull \hbox (16.45439pt too wide) in paragraph at lines 106--107
\T1/cmtt/m/n/24.88 blandit mauris.
 []


Overfull \hbox (16.45439pt too wide) in paragraph at lines 106--107
\T1/cmtt/m/n/24.88 Praesent lectus
 []


Overfull \hbox (16.45439pt too wide) in paragraph at lines 106--107
\T1/cmtt/m/n/24.88 tellus, aliquet
 []


Overfull \hbox (16.45439pt too wide) in paragraph at lines 106--107
\T1/cmtt/m/n/24.88 aliquam, luctus
 []


Underfull \hbox (badness 10000) in paragraph at lines 106--107
\T1/cmtt/m/n/24.88 a, egestas a,
 []


Overfull \hbox (16.45439pt too wide) in paragraph at lines 106--107
\T1/cmtt/m/n/24.88 turpis. Mauris
 []


Underfull \hbox (badness 10000) in paragraph at lines 106--107
\T1/cmtt/m/n/24.88 lacinia lorem
 []


Overfull \hbox (16.45439pt too wide) in paragraph at lines 106--107
\T1/cmtt/m/n/24.88 sit amet ipsum.
 []


Overfull \hbox (4.19077pt too wide) in paragraph at lines 106--107
\T1/cmtt/m/n/24.88 Nunc quis urna
 []


Underfull \hbox (badness 10000) in paragraph at lines 106--107
\T1/cmtt/m/n/24.88 dictum turpis
 []


Overfull \hbox (28.71802pt too wide) in paragraph at lines 106--107
\T1/cmtt/m/n/24.88 accumsan semper.
 []


Underfull \hbox (badness 10000) in paragraph at lines 106--107
\T1/cmtt/m/n/7 Lorem ipsum dolor sit amet, consectetuer
 []


Underfull \hbox (badness 10000) in paragraph at lines 106--107
\T1/cmtt/m/n/7 adipiscing elit. Etiam lobortis facilisis
 []


Underfull \hbox (badness 10000) in paragraph at lines 106--107
\T1/cmtt/m/n/7 sem. Nullam nec mi et neque pharetra
 []


Underfull \hbox (badness 10000) in paragraph at lines 106--107
\T1/cmtt/m/n/7 sollicitudin. Praesent imperdiet mi nec
 []


Underfull \hbox (badness 10000) in paragraph at lines 106--107
\T1/cmtt/m/n/7 ante. Donec ullamcorper, felis non sodales
 []


Underfull \hbox (badness 10000) in paragraph at lines 106--107
\T1/cmtt/m/n/7 commodo, lectus velit ultrices augue, a
 []


Underfull \hbox (badness 10000) in paragraph at lines 106--107
\T1/cmtt/m/n/7 dignissim nibh lectus placerat pede. Vivamus
 []


Underfull \hbox (badness 10000) in paragraph at lines 106--107
\T1/cmtt/m/n/7 nunc nunc, molestie ut, ultricies vel,
 []


Underfull \hbox (badness 10000) in paragraph at lines 106--107
\T1/cmtt/m/n/7 semper in, velit. Ut porttitor. Praesent
 []


Underfull \hbox (badness 10000) in paragraph at lines 106--107
\T1/cmtt/m/n/7 in sapien. Lorem ipsum dolor sit amet,
 []


Underfull \hbox (badness 10000) in paragraph at lines 106--107
\T1/cmtt/m/n/7 consectetuer adipiscing elit. Duis fringilla
 []


Underfull \hbox (badness 10000) in paragraph at lines 106--107
\T1/cmtt/m/n/7 tristique neque. Sed interdum libero ut
 []


Underfull \hbox (badness 10000) in paragraph at lines 106--107
\T1/cmtt/m/n/7 metus. Pellentesque placerat. Nam rutrum
 []


Underfull \hbox (badness 10000) in paragraph at lines 106--107
\T1/cmtt/m/n/7 augue a leo. Morbi sed elit sit amet ante
 []


Underfull \hbox (badness 10000) in paragraph at lines 106--107
\T1/cmtt/m/n/7 lobortis sollicitudin. Praesent blandit
 []


Underfull \hbox (badness 10000) in paragraph at lines 106--107
\T1/cmtt/m/n/7 blandit mauris. Praesent lectus tellus,
 []


Underfull \hbox (badness 10000) in paragraph at lines 106--107
\T1/cmtt/m/n/7 aliquet aliquam, luctus a, egestas a, turpis.
 []


Underfull \hbox (badness 10000) in paragraph at lines 106--107
\T1/cmtt/m/n/7 Mauris lacinia lorem sit amet ipsum. Nunc
 []

[2]

[3]

! LaTeX Error: Illegal character in array arg.

See the LaTeX manual or LaTeX Companion for explanation.
Type  H <return>  for immediate help.
 ...                                              
                                                  
l.114 \begin{tabular}{1 | c c}
                              
You're in trouble here.  Try typing  <return>  to proceed.
If that doesn't work, type  X <return>  to quit.

! Misplaced alignment tab character &.
l.150 Variable &
                 Estimate & Std. Error & t value & Pr(>|t|) \
I can't figure out why you would want to use a tab mark
here. If you just want an ampersand, the remedy is
simple: Just type `I\&' now. But if some right brace
up above has ended a previous alignment prematurely,
you're probably due for more error messages, and you
might try typing `S' now just to see what is salvageable.

! Misplaced alignment tab character &.
l.150 Variable & Estimate &
                            Std. Error & t value & Pr(>|t|) \
I can't figure out why you would want to use a tab mark
here. If you just want an ampersand, the remedy is
simple: Just type `I\&' now. But if some right brace
up above has ended a previous alignment prematurely,
you're probably due for more error messages, and you
might try typing `S' now just to see what is salvageable.

! Misplaced alignment tab character &.
l.150 Variable & Estimate & Std. Error &
                                         t value & Pr(>|t|) \
I can't figure out why you would want to use a tab mark
here. If you just want an ampersand, the remedy is
simple: Just type `I\&' now. But if some right brace
up above has ended a previous alignment prematurely,
you're probably due for more error messages, and you
might try typing `S' now just to see what is salvageable.

! Misplaced alignment tab character &.
l.150 Variable & Estimate & Std. Error & t value &
                                                   Pr(>|t|) \
I can't figure out why you would want to use a tab mark
here. If you just want an ampersand, the remedy is
simple: Just type `I\&' now. But if some right brace
up above has ended a previous alignment prematurely,
you're probably due for more error messages, and you
might try typing `S' now just to see what is salvageable.

! Misplaced alignment tab character &.
l.152 (Intercept) &
                     1.6571639 & 0.25594569 &  6.474670 & 1.400102e-09 \
I can't figure out why you would want to use a tab mark
here. If you just want an ampersand, the remedy is
simple: Just type `I\&' now. But if some right brace
up above has ended a previous alignment prematurely,
you're probably due for more error messages, and you
might try typing `S' now just to see what is salvageable.

! Misplaced alignment tab character &.
l.152 (Intercept) &  1.6571639 &
                                 0.25594569 &  6.474670 & 1.400102e-09 \
I can't figure out why you would want to use a tab mark
here. If you just want an ampersand, the remedy is
simple: Just type `I\&' now. But if some right brace
up above has ended a previous alignment prematurely,
you're probably due for more error messages, and you
might try typing `S' now just to see what is salvageable.

! Misplaced alignment tab character &.
l.152 (Intercept) &  1.6571639 & 0.25594569 &
                                               6.474670 & 1.400102e-09 \
I can't figure out why you would want to use a tab mark
here. If you just want an ampersand, the remedy is
simple: Just type `I\&' now. But if some right brace
up above has ended a previous alignment prematurely,
you're probably due for more error messages, and you
might try typing `S' now just to see what is salvageable.

! Misplaced alignment tab character &.
l.152 ...) &  1.6571639 & 0.25594569 &  6.474670 &
                                                   1.400102e-09 \
I can't figure out why you would want to use a tab mark
here. If you just want an ampersand, the remedy is
simple: Just type `I\&' now. But if some right brace
up above has ended a previous alignment prematurely,
you're probably due for more error messages, and you
might try typing `S' now just to see what is salvageable.

! Misplaced alignment tab character &.
l.153 Sepal.Length &
                      0.3777734 & 0.06556897 &  5.761466 & 4.867516e-08 \
I can't figure out why you would want to use a tab mark
here. If you just want an ampersand, the remedy is
simple: Just type `I\&' now. But if some right brace
up above has ended a previous alignment prematurely,
you're probably due for more error messages, and you
might try typing `S' now just to see what is salvageable.

! Misplaced alignment tab character &.
l.153 Sepal.Length &  0.3777734 &
                                  0.06556897 &  5.761466 & 4.867516e-08 \
I can't figure out why you would want to use a tab mark
here. If you just want an ampersand, the remedy is
simple: Just type `I\&' now. But if some right brace
up above has ended a previous alignment prematurely,
you're probably due for more error messages, and you
might try typing `S' now just to see what is salvageable.

! Misplaced alignment tab character &.
l.153 Sepal.Length &  0.3777734 & 0.06556897 &
                                                5.761466 & 4.867516e-08 \
I can't figure out why you would want to use a tab mark
here. If you just want an ampersand, the remedy is
simple: Just type `I\&' now. But if some right brace
up above has ended a previous alignment prematurely,
you're probably due for more error messages, and you
might try typing `S' now just to see what is salvageable.

! Misplaced alignment tab character &.
l.153 ...h &  0.3777734 & 0.06556897 &  5.761466 &
                                                   4.867516e-08 \
I can't figure out why you would want to use a tab mark
here. If you just want an ampersand, the remedy is
simple: Just type `I\&' now. But if some right brace
up above has ended a previous alignment prematurely,
you're probably due for more error messages, and you
might try typing `S' now just to see what is salvageable.

! Misplaced alignment tab character &.
l.154 Petal.Length &
                     -0.1875666 & 0.08349289 & -2.246498 & 2.619373e-02 \
I can't figure out why you would want to use a tab mark
here. If you just want an ampersand, the remedy is
simple: Just type `I\&' now. But if some right brace
up above has ended a previous alignment prematurely,
you're probably due for more error messages, and you
might try typing `S' now just to see what is salvageable.

! Misplaced alignment tab character &.
l.154 Petal.Length & -0.1875666 &
                                  0.08349289 & -2.246498 & 2.619373e-02 \
I can't figure out why you would want to use a tab mark
here. If you just want an ampersand, the remedy is
simple: Just type `I\&' now. But if some right brace
up above has ended a previous alignment prematurely,
you're probably due for more error messages, and you
might try typing `S' now just to see what is salvageable.

! Misplaced alignment tab character &.
l.154 Petal.Length & -0.1875666 & 0.08349289 &
                                               -2.246498 & 2.619373e-02 \
I can't figure out why you would want to use a tab mark
here. If you just want an ampersand, the remedy is
simple: Just type `I\&' now. But if some right brace
up above has ended a previous alignment prematurely,
you're probably due for more error messages, and you
might try typing `S' now just to see what is salvageable.

! Misplaced alignment tab character &.
l.154 ...h & -0.1875666 & 0.08349289 & -2.246498 &
                                                   2.619373e-02 \
I can't figure out why you would want to use a tab mark
here. If you just want an ampersand, the remedy is
simple: Just type `I\&' now. But if some right brace
up above has ended a previous alignment prematurely,
you're probably due for more error messages, and you
might try typing `S' now just to see what is salvageable.

! Misplaced alignment tab character &.
l.155 Petal.Width &
                     0.6257105 & 0.12337631 &  5.071561 & 1.195649e-06 \
I can't figure out why you would want to use a tab mark
here. If you just want an ampersand, the remedy is
simple: Just type `I\&' now. But if some right brace
up above has ended a previous alignment prematurely,
you're probably due for more error messages, and you
might try typing `S' now just to see what is salvageable.

! Misplaced alignment tab character &.
l.155 Petal.Width &  0.6257105 &
                                 0.12337631 &  5.071561 & 1.195649e-06 \
I can't figure out why you would want to use a tab mark
here. If you just want an ampersand, the remedy is
simple: Just type `I\&' now. But if some right brace
up above has ended a previous alignment prematurely,
you're probably due for more error messages, and you
might try typing `S' now just to see what is salvageable.

! Misplaced alignment tab character &.
l.155 Petal.Width &  0.6257105 & 0.12337631 &
                                               5.071561 & 1.195649e-06 \
I can't figure out why you would want to use a tab mark
here. If you just want an ampersand, the remedy is
simple: Just type `I\&' now. But if some right brace
up above has ended a previous alignment prematurely,
you're probably due for more error messages, and you
might try typing `S' now just to see what is salvageable.

! Misplaced alignment tab character &.
l.155 ...h &  0.6257105 & 0.12337631 &  5.071561 &
                                                   1.195649e-06 \
I can't figure out why you would want to use a tab mark
here. If you just want an ampersand, the remedy is
simple: Just type `I\&' now. But if some right brace
up above has ended a previous alignment prematurely,
you're probably due for more error messages, and you
might try typing `S' now just to see what is salvageable.

! Misplaced alignment tab character &.
l.156 Speciesversicolor &
                          -1.1602853 & 0.19329450 & -6.002681 & 1.503304e-08 \
I can't figure out why you would want to use a tab mark
here. If you just want an ampersand, the remedy is
simple: Just type `I\&' now. But if some right brace
up above has ended a previous alignment prematurely,
you're probably due for more error messages, and you
might try typing `S' now just to see what is salvageable.

! Misplaced alignment tab character &.
l.156 Speciesversicolor & -1.1602853 &
                                       0.19329450 & -6.002681 & 1.503304e-08 \
I can't figure out why you would want to use a tab mark
here. If you just want an ampersand, the remedy is
simple: Just type `I\&' now. But if some right brace
up above has ended a previous alignment prematurely,
you're probably due for more error messages, and you
might try typing `S' now just to see what is salvageable.

! Misplaced alignment tab character &.
l.156 ...iesversicolor & -1.1602853 & 0.19329450 &
                                                   -6.002681 & 1.503304e-08 \
I can't figure out why you would want to use a tab mark
here. If you just want an ampersand, the remedy is
simple: Just type `I\&' now. But if some right brace
up above has ended a previous alignment prematurely,
you're probably due for more error messages, and you
might try typing `S' now just to see what is salvageable.

! Misplaced alignment tab character &.
l.156 ...r & -1.1602853 & 0.19329450 & -6.002681 &
                                                   1.503304e-08 \
I can't figure out why you would want to use a tab mark
here. If you just want an ampersand, the remedy is
simple: Just type `I\&' now. But if some right brace
up above has ended a previous alignment prematurely,
you're probably due for more error messages, and you
might try typing `S' now just to see what is salvageable.

! Misplaced alignment tab character &.
l.157 Speciesvirginica &
                         -1.3982549 & 0.27714618 & -5.045189 & 1.344532e-06 \
I can't figure out why you would want to use a tab mark
here. If you just want an ampersand, the remedy is
simple: Just type `I\&' now. But if some right brace
up above has ended a previous alignment prematurely,
you're probably due for more error messages, and you
might try typing `S' now just to see what is salvageable.

! Misplaced alignment tab character &.
l.157 Speciesvirginica & -1.3982549 &
                                      0.27714618 & -5.045189 & 1.344532e-06 \
I can't figure out why you would want to use a tab mark
here. If you just want an ampersand, the remedy is
simple: Just type `I\&' now. But if some right brace
up above has ended a previous alignment prematurely,
you're probably due for more error messages, and you
might try typing `S' now just to see what is salvageable.

! Misplaced alignment tab character &.
l.157 Speciesvirginica & -1.3982549 & 0.27714618 &
                                                   -5.045189 & 1.344532e-06 \
I can't figure out why you would want to use a tab mark
here. If you just want an ampersand, the remedy is
simple: Just type `I\&' now. But if some right brace
up above has ended a previous alignment prematurely,
you're probably due for more error messages, and you
might try typing `S' now just to see what is salvageable.

! Misplaced alignment tab character &.
l.157 ...a & -1.3982549 & 0.27714618 & -5.045189 &
                                                   1.344532e-06 \
I can't figure out why you would want to use a tab mark
here. If you just want an ampersand, the remedy is
simple: Just type `I\&' now. But if some right brace
up above has ended a previous alignment prematurely,
you're probably due for more error messages, and you
might try typing `S' now just to see what is salvageable.


Overfull \hbox (42.659pt too wide) in paragraph at lines 145--161
[]\T1/cmtt/m/n/10 begintable[h!] centering captionResumen del Modelo begintabular@lrrrr@
 []


Overfull \hbox (6.66412pt too wide) in paragraph at lines 145--161
\T1/cmtt/m/n/10 toprule Variable  Estimate  Std. Error  t value  Pr(>|t|)  midrule
 []


Overfull \hbox (32.90771pt too wide) in paragraph at lines 145--161
\T1/cmtt/m/n/10 (Intercept)  1.6571639  0.25594569  6.474670  1.400102e-09  Sepal.Length
 []


Overfull \hbox (27.659pt too wide) in paragraph at lines 145--161
\T1/cmtt/m/n/10 0.3777734  0.06556897  5.761466  4.867516e-08  Petal.Length  -0.1875666
 []


Overfull \hbox (27.659pt too wide) in paragraph at lines 145--161
\T1/cmtt/m/n/10 0.08349289  -2.246498  2.619373e-02  Petal.Width  0.6257105  0.12337631
 []


Overfull \hbox (53.90259pt too wide) in paragraph at lines 145--161
\T1/cmtt/m/n/10 5.071561  1.195649e-06  Speciesversicolor  -1.1602853  0.19329450  -6.002681
 []


Overfull \hbox (69.64874pt too wide) in paragraph at lines 145--161
\T1/cmtt/m/n/10 1.503304e-08  Speciesvirginica  -1.3982549  0.27714618  -5.045189  1.344532e-06
 []

LaTeX Font Info:    External font `cmex10' loaded for size
(Font)              <14.4> on input line 173.
<Ejemplo-006.pdf, id=25, 433.62pt x 433.62pt>
File: Ejemplo-006.pdf Graphic file (type pdf)
<use Ejemplo-006.pdf>
Package pdftex.def Info: Ejemplo-006.pdf  used on input line 176.
(pdftex.def)             Requested size: 276.00105pt x 276.0139pt.


[4]
<Ejemplo-007.pdf, id=30, 433.62pt x 433.62pt>
File: Ejemplo-007.pdf Graphic file (type pdf)
<use Ejemplo-007.pdf>
Package pdftex.def Info: Ejemplo-007.pdf  used on input line 180.
(pdftex.def)             Requested size: 276.00105pt x 276.0139pt.


[5 <./Ejemplo-006.pdf>]
<Ejemplo-008.pdf, id=39, 433.62pt x 433.62pt>
File: Ejemplo-008.pdf Graphic file (type pdf)
<use Ejemplo-008.pdf>
Package pdftex.def Info: Ejemplo-008.pdf  used on input line 184.
(pdftex.def)             Requested size: 276.00105pt x 276.0139pt.


[6 <./Ejemplo-007.pdf>]

[7 <./Ejemplo-008.pdf>]

[8] (./Ejemplo.aux)
 ***********
LaTeX2e <2024-06-01> patch level 2
L3 programming layer <2024-05-27>
 ***********
 )
(\end occurred inside a group at level 1)

### simple group (level 1) entered at line 89 ({)
### bottom level 
Here is how much of TeX's memory you used:
 2886 strings out of 475543
 50173 string characters out of 5775889
 1935908 words of memory out of 5000000
 25484 multiletter control sequences out of 15000+600000
 568677 words of font info for 60 fonts, out of 8000000 for 9000
 14 hyphenation exceptions out of 8191
 72i,8n,79p,428b,300s stack positions out of 10000i,1000n,20000p,200000b,200000s
 <c:/Users/carlos/AppData/Roaming/TinyTeX/texmf-var/fonts/pk/ljfour/jknappen/ec/ecst1000.600pk> <c:/Users/carlos/AppData/Roaming/TinyTeX/texmf-var/fonts/pk/ljfour/jknappen/ec/ectt0800.525pk> <c:/Users/carlos/AppData/Roaming/TinyTeX/texmf-var/fonts/pk/ljfour/jknappen/ec/ectt2488.600pk> <c:/Users/carlos/AppData/Roaming/TinyTeX/texmf-var/fonts/pk/ljfour/jknappen/ec/ecbx1200.600pk> <c:/Users/carlos/AppData/Roaming/TinyTeX/texmf-var/fonts/pk/ljfour/jknappen/ec/ecit1000.600pk> <c:/Users/carlos/AppData/Roaming/TinyTeX/texmf-var/fonts/pk/ljfour/jknappen/ec/ectt1000.600pk> <c:/Users/carlos/AppData/Roaming/TinyTeX/texmf-var/fonts/pk/ljfour/jknappen/ec/ecbx1440.600pk> <c:/Users/carlos/AppData/Roaming/TinyTeX/texmf-var/fonts/pk/ljfour/jknappen/ec/ecrm1000.600pk> <c:/Users/carlos/AppData/Roaming/TinyTeX/texmf-var/fonts/pk/ljfour/jknappen/ec/ecbx1000.600pk> <c:/Users/carlos/AppData/Roaming/TinyTeX/texmf-var/fonts/pk/ljfour/jknappen/ec/ecrm1200.600pk> <c:/Users/carlos/AppData/Roaming/TinyTeX/texmf-var/fonts/pk/ljfour/jknappen/ec/ecrm1728.600pk><c:/Users/carlos/AppData/Roaming/TinyTeX/texmf-dist/fonts/type1/public/amsfonts/cm/cmmi10.pfb><c:/Users/carlos/AppData/Roaming/TinyTeX/texmf-dist/fonts/type1/public/amsfonts/cm/cmmi7.pfb>
Output written on Ejemplo.pdf (8 pages, 376367 bytes).
PDF statistics:
 512 PDF objects out of 1000 (max. 8388607)
 82 compressed objects within 1 object stream
 0 named destinations out of 1000 (max. 500000)
 20 words of extra memory for PDF output out of 10000 (max. 10000000)

